1599840045613	geckodriver	INFO	Listening on 127.0.0.1:56682
1599840048627	mozrunner::runner	INFO	Running command: "D:\\Firefox\\firefox.exe" "--marionette" "-foreground" "-no-remote" "-profile" "C:\\Users\\PCdGU\\AppData\\Local\\Temp\\rust_mozprofilelIprcX"
JavaScript error: resource://gre/modules/XULStore.jsm, line 66: Error: Can't find profile directory.
console.error: SearchCache: "_readCacheFile: Error reading cache file:" (new Error("", "(unknown module)"))
1599840050939	Marionette	INFO	Listening on port 56692
1599840051238	Marionette	WARN	TLS certificate errors will be ignored for this session
[Parent 8880, Gecko_IOThread] WARNING: file /builds/worker/checkouts/gecko/ipc/chromium/src/base/process_util_win.cc, line 166
1599840056931	Marionette	INFO	Stopped listening on port 56692

###!!! [Child][RunMessage] Error: Channel closing: too late to send/recv, messages will be lost


###!!! [Child][MessageChannel::SendAndWait] Error: Channel error: cannot send/recv

1599840072220	geckodriver	INFO	Listening on 127.0.0.1:56767
1599840075246	mozrunner::runner	INFO	Running command: "D:\\Firefox\\firefox.exe" "--marionette" "-foreground" "-no-remote" "-profile" "C:\\Users\\PCdGU\\AppData\\Local\\Temp\\rust_mozprofileu4EofJ"
JavaScript error: resource://gre/modules/XULStore.jsm, line 66: Error: Can't find profile directory.
console.error: SearchCache: "_readCacheFile: Error reading cache file:" (new Error("", "(unknown module)"))
1599840077154	Marionette	INFO	Listening on port 56777
1599840077252	Marionette	WARN	TLS certificate errors will be ignored for this session

###!!! [Child][RunMessage] Error: Channel closing: too late to send/recv, messages will be lost


###!!! [Child][RunMessage] Error: Channel closing: too late to send/recv, messages will be lost

1599840103052	Marionette	INFO	Stopped listening on port 56777

###!!! [Child][RunMessage] Error: Channel closing: too late to send/recv, messages will be lost


###!!! [Child][MessageChannel::SendAndWait] Error: Channel error: cannot send/recv

1599874439059	geckodriver	INFO	Listening on 127.0.0.1:57748
1599874442120	mozrunner::runner	INFO	Running command: "D:\\Firefox\\firefox.exe" "--marionette" "-foreground" "-no-remote" "-profile" "C:\\Users\\PCdGU\\AppData\\Local\\Temp\\rust_mozprofileBveZcS"
JavaScript error: resource://gre/modules/XULStore.jsm, line 66: Error: Can't find profile directory.
console.error: SearchCache: "_readCacheFile: Error reading cache file:" (new Error("", "(unknown module)"))
1599874447161	Marionette	INFO	Listening on port 57789
1599874447520	Marionette	WARN	TLS certificate errors will be ignored for this session

###!!! [Child][RunMessage] Error: Channel closing: too late to send/recv, messages will be lost


###!!! [Child][RunMessage] Error: Channel closing: too late to send/recv, messages will be lost

[Parent 7772, Gecko_IOThread] WARNING: file /builds/worker/checkouts/gecko/ipc/chromium/src/base/process_util_win.cc, line 166
1599874449957	Marionette	INFO	Stopped listening on port 57789

###!!! [Child][RunMessage] Error: Channel closing: too late to send/recv, messages will be lost


###!!! [Child][MessageChannel::SendAndWait] Error: Channel error: cannot send/recv

1600194554036	geckodriver	INFO	Listening on 127.0.0.1:60906
1600194557075	mozrunner::runner	INFO	Running command: "D:\\Firefox\\firefox.exe" "--marionette" "-foreground" "-no-remote" "-profile" "C:\\Users\\PCdGU\\AppData\\Local\\Temp\\rust_mozprofileFUMKcQ"
JavaScript error: resource://gre/modules/XULStore.jsm, line 66: Error: Can't find profile directory.
console.error: SearchCache: "_readCacheFile: Error reading cache file:" (new Error("", "(unknown module)"))
1600194561226	Marionette	INFO	Listening on port 60915
1600194561289	Marionette	WARN	TLS certificate errors will be ignored for this session
1600194564460	Marionette	INFO	Stopped listening on port 60915

###!!! [Child][RunMessage] Error: Channel closing: too late to send/recv, messages will be lost


###!!! [Child][MessageChannel::SendAndWait] Error: Channel error: cannot send/recv

1600195274608	geckodriver	INFO	Listening on 127.0.0.1:61454
1600195277633	mozrunner::runner	INFO	Running command: "D:\\Firefox\\firefox.exe" "--marionette" "-foreground" "-no-remote" "-profile" "C:\\Users\\PCdGU\\AppData\\Local\\Temp\\rust_mozprofileHUTqJf"
JavaScript error: resource://gre/modules/XULStore.jsm, line 66: Error: Can't find profile directory.
console.error: SearchCache: "_readCacheFile: Error reading cache file:" (new Error("", "(unknown module)"))
1600195280121	Marionette	INFO	Listening on port 61464
1600195280339	Marionette	WARN	TLS certificate errors will be ignored for this session
1600195281581	Marionette	INFO	Stopped listening on port 61464

###!!! [Child][RunMessage] Error: Channel closing: too late to send/recv, messages will be lost


###!!! [Child][MessageChannel::SendAndWait] Error: Channel error: cannot send/recv

1600195283250	geckodriver	INFO	Listening on 127.0.0.1:61498
1600195286277	mozrunner::runner	INFO	Running command: "D:\\Firefox\\firefox.exe" "--marionette" "-foreground" "-no-remote" "-profile" "C:\\Users\\PCdGU\\AppData\\Local\\Temp\\rust_mozprofileloox0Q"
JavaScript error: resource://gre/modules/XULStore.jsm, line 66: Error: Can't find profile directory.
console.error: SearchCache: "_readCacheFile: Error reading cache file:" (new Error("", "(unknown module)"))
1600195288440	Marionette	INFO	Listening on port 61507
1600195288884	Marionette	WARN	TLS certificate errors will be ignored for this session
JavaScript error: , line 0: uncaught exception: Object
JavaScript error: , line 0: uncaught exception: Object
JavaScript error: , line 0: uncaught exception: Object
JavaScript error: , line 0: uncaught exception: Object
JavaScript error: , line 0: uncaught exception: Object
JavaScript error: , line 0: uncaught exception: Object
JavaScript error: , line 0: uncaught exception: Object
JavaScript error: , line 0: uncaught exception: Object
JavaScript error: , line 0: uncaught exception: Object
JavaScript error: , line 0: uncaught exception: Object
JavaScript error: , line 0: uncaught exception: Object
JavaScript error: , line 0: uncaught exception: Object
[Parent 11176, Gecko_IOThread] WARNING: pipe error: 232: file /builds/worker/checkouts/gecko/ipc/chromium/src/chrome/common/ipc_channel_win.cc, line 545
[Parent 11176, Gecko_IOThread] WARNING: file /builds/worker/checkouts/gecko/ipc/chromium/src/base/process_util_win.cc, line 166
1600195350321	Marionette	INFO	Stopped listening on port 61507

###!!! [Child][RunMessage] Error: Channel closing: too late to send/recv, messages will be lost


###!!! [Child][MessageChannel::SendAndWait] Error: Channel error: cannot send/recv

1600195370168	geckodriver	INFO	Listening on 127.0.0.1:61633
1600195373185	mozrunner::runner	INFO	Running command: "D:\\Firefox\\firefox.exe" "--marionette" "-foreground" "-no-remote" "-profile" "C:\\Users\\PCdGU\\AppData\\Local\\Temp\\rust_mozprofiletXncwM"
JavaScript error: resource://gre/modules/XULStore.jsm, line 66: Error: Can't find profile directory.
console.error: SearchCache: "_readCacheFile: Error reading cache file:" (new Error("", "(unknown module)"))
1600195375186	Marionette	INFO	Listening on port 61653
1600195375202	Marionette	WARN	TLS certificate errors will be ignored for this session
JavaScript error: , line 0: uncaught exception: Object
JavaScript error: , line 0: uncaught exception: Object
JavaScript error: , line 0: uncaught exception: Object
JavaScript error: , line 0: uncaught exception: Object
JavaScript error: , line 0: uncaught exception: Object
JavaScript error: , line 0: uncaught exception: Object
1600195391130	Marionette	INFO	Stopped listening on port 61653

###!!! [Child][RunMessage] Error: Channel closing: too late to send/recv, messages will be lost


###!!! [Child][MessageChannel::SendAndWait] Error: Channel error: cannot send/recv

1600196107327	geckodriver	INFO	Listening on 127.0.0.1:62055
1600196110354	mozrunner::runner	INFO	Running command: "D:\\Firefox\\firefox.exe" "--marionette" "-foreground" "-no-remote" "-profile" "C:\\Users\\PCdGU\\AppData\\Local\\Temp\\rust_mozprofileBgsn3R"
JavaScript error: resource://gre/modules/XULStore.jsm, line 66: Error: Can't find profile directory.
console.error: SearchCache: "_readCacheFile: Error reading cache file:" (new Error("", "(unknown module)"))
1600196112397	Marionette	INFO	Listening on port 62064
1600196112469	Marionette	WARN	TLS certificate errors will be ignored for this session
JavaScript error: , line 0: uncaught exception: Object
JavaScript error: , line 0: uncaught exception: Object
JavaScript error: , line 0: uncaught exception: Object
JavaScript error: , line 0: uncaught exception: Object
JavaScript error: , line 0: uncaught exception: Object
JavaScript error: , line 0: uncaught exception: Object
JavaScript error: , line 0: uncaught exception: Object
JavaScript error: , line 0: uncaught exception: Object
JavaScript error: , line 0: uncaught exception: Object
JavaScript error: , line 0: uncaught exception: Object
JavaScript error: , line 0: uncaught exception: Object
JavaScript error: , line 0: uncaught exception: Object
JavaScript error: https://ssl.gstatic.com/support/realtime/operator/1599779249523/operatordeferred_bin_base__pt_br.js, line 108: uncaught exception: [object Object]
JavaScript error: https://ssl.gstatic.com/support/realtime/operator/1599779249523/operatordeferred_bin_base__pt_br.js, line 108: uncaught exception: [object Object]
[Parent 14264, Gecko_IOThread] WARNING: file /builds/worker/checkouts/gecko/ipc/chromium/src/base/process_util_win.cc, line 166
1600201400383	Marionette	INFO	Stopped listening on port 62064

###!!! [Child][RunMessage] Error: Channel closing: too late to send/recv, messages will be lost


###!!! [Child][MessageChannel::SendAndWait] Error: Channel error: cannot send/recv

